<?xml version='1.0' encoding='UTF-8'?>
<testsuite hostname="DESKTOP-LQKK3UT" name="com.yevhenii.parsing.validation.BracketsValidatorSpec" tests="3" errors="0" failures="0" skipped="0" time="0.027" timestamp="2019-09-17T00:26:23">
                     <properties>
      <property name="jline.esc.timeout" value="0"/><property name="java.runtime.name" value="Java(TM) SE Runtime Environment"/><property name="idea.runid" value="2017.2"/><property name="sun.boot.library.path" value="C:\Program Files\Java\jdk1.8.0_151\jre\bin"/><property name="java.vm.version" value="25.151-b12"/><property name="user.country.format" value="UA"/><property name="java.vm.vendor" value="Oracle Corporation"/><property name="java.vendor.url" value="http://java.oracle.com/"/><property name="path.separator" value=";"/><property name="jna.loaded" value="true"/><property name="java.vm.name" value="Java HotSpot(TM) 64-Bit Server VM"/><property name="file.encoding.pkg" value="sun.io"/><property name="user.country" value="RU"/><property name="user.script" value=""/><property name="sun.java.launcher" value="SUN_STANDARD"/><property name="sun.os.patch.level" value=""/><property name="jna.nosys" value="true"/><property name="java.vm.specification.name" value="Java Virtual Machine Specification"/><property name="user.dir" value="C:\Users\Yevhenii\Documents\kpi\algebraic-expression-processor"/><property name="java.runtime.version" value="1.8.0_151-b12"/><property name="java.awt.graphicsenv" value="sun.awt.Win32GraphicsEnvironment"/><property name="idea.managed" value="true"/><property name="java.endorsed.dirs" value="C:\Program Files\Java\jdk1.8.0_151\jre\lib\endorsed"/><property name="os.arch" value="amd64"/><property name="java.io.tmpdir" value="C:\Users\Yevhenii\AppData\Local\Temp\"/><property name="line.separator" value="
"/><property name="java.vm.specification.vendor" value="Oracle Corporation"/><property name="log4j.ignoreTCL" value="true"/><property name="user.variant" value=""/><property name="os.name" value="Windows 10"/><property name="sun.jnu.encoding" value="Cp1251"/><property name="jnidispatch.path" value="C:\Users\Yevhenii\AppData\Local\Temp\jna--882707609\jna7940446699700041714.dll"/><property name="java.library.path" value="C:\Program Files\Java\jdk1.8.0_151\bin;C:\WINDOWS\Sun\Java\bin;C:\WINDOWS\system32;C:\WINDOWS;C:\Program Files\Python37\Scripts\;C:\Program Files\Python37\;C:\Program Files (x86)\Razer\ChromaBroadcast\bin;C:\Program Files\Razer\ChromaBroadcast\bin;C:\Program Files\Microsoft MPI\Bin\;C:\Program Files\Docker\Docker\Resources\bin;C:\WINDOWS\system32;C:\WINDOWS;C:\WINDOWS\System32\Wbem;C:\WINDOWS\System32\WindowsPowerShell\v1.0\;C:\Program Files (x86)\sbt\bin;C:\Program Files\nodejs\;C:\Program Files\Java\jdk1.8.0_151\bin;C:\Program Files\Git\cmd;;C:\WINDOWS\System32\OpenSSH\;C:\Program Files\PuTTY\;C:\WINDOWS\system32\config\systemprofile\AppData\Local\Microsoft\WindowsApps;C:\Users\Yevhenii\AppData\Local\Microsoft\WindowsApps;C:\Users\Yevhenii\AppData\Roaming\npm;C:\Program Files\Heroku\bin;C:\Users\Yevhenii\AppData\Local\atom\bin;C:\Users\Yevhenii\Downloads\gcc-4.2.1-mingw\bin;C:\Users\Yevhenii\Downloads\gcc-4.2.1-mingw;C:\apache-ant-1.9.10-bin\apache-ant-1.9.10\bin;C:\Program Files (x86)\OpenMPI_v1.5.5-x64\bin;C:\Users\Yevhenii\AppData\Local\Microsoft\WindowsApps;;."/><property name="java.specification.name" value="Java Platform API Specification"/><property name="java.class.version" value="52.0"/><property name="sun.management.compiler" value="HotSpot 64-Bit Tiered Compilers"/><property name="os.version" value="10.0"/><property name="swoval.tmpdir" value="C:\Users\Yevhenii\.sbt\1.0"/><property name="user.home" value="C:\Users\Yevhenii"/><property name="user.timezone" value="Europe/Moscow"/><property name="java.awt.printerjob" value="sun.awt.windows.WPrinterJob"/><property name="file.encoding" value="UTF-8"/><property name="java.specification.version" value="1.8"/><property name="java.class.path" value="C:\Users\Yevhenii\.IdeaIC2017.3\config\plugins\Scala\launcher\sbt-launch.jar"/><property name="user.name" value="Yevhenii"/><property name="jline.shutdownhook" value="false"/><property name="java.vm.specification.version" value="1.8"/><property name="sun.java.command" value="C:\Users\Yevhenii\.IdeaIC2017.3\config\plugins\Scala\launcher\sbt-launch.jar idea-shell"/><property name="java.home" value="C:\Program Files\Java\jdk1.8.0_151\jre"/><property name="sun.arch.data.model" value="64"/><property name="user.language" value="ru"/><property name="java.specification.vendor" value="Oracle Corporation"/><property name="awt.toolkit" value="sun.awt.windows.WToolkit"/><property name="java.vm.info" value="mixed mode"/><property name="java.version" value="1.8.0_151"/><property name="java.ext.dirs" value="C:\Program Files\Java\jdk1.8.0_151\jre\lib\ext;C:\WINDOWS\Sun\Java\lib\ext"/><property name="sun.boot.class.path" value="C:\Program Files\Java\jdk1.8.0_151\jre\lib\resources.jar;C:\Program Files\Java\jdk1.8.0_151\jre\lib\rt.jar;C:\Program Files\Java\jdk1.8.0_151\jre\lib\sunrsasign.jar;C:\Program Files\Java\jdk1.8.0_151\jre\lib\jsse.jar;C:\Program Files\Java\jdk1.8.0_151\jre\lib\jce.jar;C:\Program Files\Java\jdk1.8.0_151\jre\lib\charsets.jar;C:\Program Files\Java\jdk1.8.0_151\jre\lib\jfr.jar;C:\Program Files\Java\jdk1.8.0_151\jre\classes"/><property name="java.vendor" value="Oracle Corporation"/><property name="sun.stderr.encoding" value="cp866"/><property name="file.separator" value="\"/><property name="java.vendor.url.bug" value="http://bugreport.sun.com/bugreport/"/><property name="sun.io.unicode.encoding" value="UnicodeLittle"/><property name="sun.cpu.endian" value="little"/><property name="sun.stdout.encoding" value="cp866"/><property name="sun.desktop" value="windows"/><property name="sun.cpu.isalist" value="amd64"/>
    </properties>
                     <testcase classname="com.yevhenii.parsing.validation.BracketsValidatorSpec" name="BracketsValidator should validate correct algebraic expression" time="0.022">
                                                 
                                               </testcase><testcase classname="com.yevhenii.parsing.validation.BracketsValidatorSpec" name="BracketsValidator should find all errors during validation algebraic expression" time="0.002">
                                                 
                                               </testcase><testcase classname="com.yevhenii.parsing.validation.BracketsValidatorSpec" name="BracketsValidator should find all errors during validation algebraic expression 2" time="0.003">
                                                 
                                               </testcase>
                     <system-out><![CDATA[]]></system-out>
                     <system-err><![CDATA[]]></system-err>
                   </testsuite>